<?xml version="1.0" encoding="UTF-8"?>
<!-- Generated by org.testng.reporters.JUnitReportReporter -->
<testsuite skipped="0" hostname="LAPTOP-2I6QAMAI" name="com.test.MMT_SearchFlight" tests="1" failures="0" timestamp="2021-06-23T14:29:12 IST" time="46.879" errors="0">
  <testcase name="TC_01_Search_Flight_Positive" time="46.879" classname="com.test.MMT_SearchFlight"/>
  <system-out/>
</testsuite> <!-- com.test.MMT_SearchFlight -->
