<?xml version="1.0" encoding="UTF-8"?>
<!-- Generated by org.testng.reporters.JUnitReportReporter -->
<testsuite skipped="0" hostname="LAPTOP-2I6QAMAI" name="com.test.TestClass" tests="3" failures="0" timestamp="2021-06-22T18:54:04 IST" time="5.042" errors="0">
  <testcase name="TestMethod2" time="0.012" classname="com.test.TestClass"/>
  <system-out/>
  <testcase name="TestMethod" time="0.022" classname="com.test.TestClass"/>
  <system-out/>
  <testcase name="TestMethod1" time="5.008" classname="com.test.TestClass"/>
  <system-out/>
</testsuite> <!-- com.test.TestClass -->
